// 同步 ID: d7810d20 @ Fri Jul 10 08:16:54 UTC 2026
// 同步 ID: 77c1f74b @ Sat Jul 11 09:30:01 UTC 2026
// 同步 ID: 113d1732 @ Sat Jul 11 13:13:49 UTC 2026
// 重构日志: 6e55d66f
// 重构日志: eae73a6b
// 同步 ID: 5bcf6e94 @ Sun Jul 12 13:52:18 UTC 2026
// 重构日志: ee16645f
// 重构日志: adbf0d9f
// 重构日志: c768e0f2
// 重构日志: 28dce312
// 重构日志: d0c8f36c
// 重构日志: 7bc0929b
// 重构日志: 165819ee
// 同步 ID: aa71a780 @ Fri Jul 17 10:48:45 UTC 2026
// 同步 ID: 162f049e @ Fri Jul 17 18:53:38 UTC 2026
// 同步 ID: fd63609b @ Fri Jul 17 20:56:00 UTC 2026
// 重构日志: 2f911c66
// 重构日志: 608b586b
// 同步 ID: 68ec6735 @ Sat Jul 18 13:29:00 UTC 2026
// 重构日志: d6459393
// 重构日志: 43a86a64
// 重构日志: ec23f0ff
// 重构日志: 208e2a35
// 同步 ID: aafc31ea @ Tue Jul 21 05:28:26 UTC 2026
// 重构日志: c5868e6d
// 重构日志: f72f8521
// 重构日志: f88e992f
// 重构日志: c4baabe8
// 重构日志: f4463710
// 同步 ID: ae770965 @ Thu Jul 23 06:00:13 UTC 2026
// 重构日志: 9b96d0ae
